0 info it worked if it ends with ok
1 verbose cli [ 'node', '/usr/local/bin/npm', 'publish' ]
2 info using npm@2.14.9
3 info using node@v0.12.9
4 verbose publish [ '.' ]
5 silly cache add args [ '.', null ]
6 verbose cache add spec .
7 silly cache add parsed spec { raw: '.',
7 silly cache add   scope: null,
7 silly cache add   name: null,
7 silly cache add   rawSpec: '.',
7 silly cache add   spec: '/Users/haixialiu/Documents/github/fis-postpackager-px2rem',
7 silly cache add   type: 'directory' }
8 verbose addLocalDirectory /Users/haixialiu/.npm/fis-postpackager-px2rem/1.0.0/package.tgz not in flight; packing
9 verbose tar pack [ '/Users/haixialiu/.npm/fis-postpackager-px2rem/1.0.0/package.tgz',
9 verbose tar pack   '/Users/haixialiu/Documents/github/fis-postpackager-px2rem' ]
10 verbose tarball /Users/haixialiu/.npm/fis-postpackager-px2rem/1.0.0/package.tgz
11 verbose folder /Users/haixialiu/Documents/github/fis-postpackager-px2rem
12 info prepublish fis-postpackager-px2rem@1.0.0
13 verbose addLocalTarball adding from inside cache /Users/haixialiu/.npm/fis-postpackager-px2rem/1.0.0/package.tgz
14 silly cache afterAdd fis-postpackager-px2rem@1.0.0
15 verbose afterAdd /Users/haixialiu/.npm/fis-postpackager-px2rem/1.0.0/package/package.json not in flight; writing
16 verbose afterAdd /Users/haixialiu/.npm/fis-postpackager-px2rem/1.0.0/package/package.json written
17 silly publish { name: 'fis-postpackager-px2rem',
17 silly publish   version: '1.0.0',
17 silly publish   description: '用于样式表中px/rem相互转换',
17 silly publish   main: 'index.js',
17 silly publish   scripts: { test: 'echo "Error: no test specified" && exit 1' },
17 silly publish   repository:
17 silly publish    { type: 'git',
17 silly publish      url: 'git+https://github.com/liuhaixia888/fis-postpackager-px2rem.git' },
17 silly publish   author: { name: 'haixialiu' },
17 silly publish   license: 'ISC',
17 silly publish   dependencies: { 'aimee-extend': '^1.0.1', 'linco.lab': '^0.0.13' },
17 silly publish   readme: '# fis-postpackager-px2rem\n\n----\n用于样式表中px/rem相互转换\n\n```\nnpm install fis-postpackager-px2rem -g\n```\n\n```\nfis.config.merge({\n\tmodules: {\n\t\t// 启用插件\n\t\tpostpackager: [\'px2rem\']\n\t},\n\tsettings: {\n\t\tpostpackager: {\n\t\t\t// 插件配置\n            px2rem: {\n                 \'.css\': {\n                    constant: 100,\n                    convertTo: \'rem\',\n                    rounding: \'round\', //floor ceil round none\n                    am2px: true, //可选\n                    border: true, //可选convertTo: \'rem\'才起作用, 除了border 1px, 其他的都将px转化为rem\n                    border1px: true //可选convertTo: \'rem\'才起作用, 所有的px转换为rem\n                 }               \n            } \n\t\t}\n\t}\n})\n```',
17 silly publish   readmeFilename: 'README.md',
17 silly publish   gitHead: 'a604dd110d62a13ee934e13460bbe5280dd49e11',
17 silly publish   bugs: { url: 'https://github.com/liuhaixia888/fis-postpackager-px2rem/issues' },
17 silly publish   homepage: 'https://github.com/liuhaixia888/fis-postpackager-px2rem#readme',
17 silly publish   _id: 'fis-postpackager-px2rem@1.0.0',
17 silly publish   _shasum: 'f4c7ff8459c8210cf843c185ba54d9287a85fe0a',
17 silly publish   _from: '.' }
18 verbose getPublishConfig undefined
19 silly mapToRegistry name fis-postpackager-px2rem
20 silly mapToRegistry using default registry
21 silly mapToRegistry registry https://registry.npmjs.org/
22 silly mapToRegistry uri https://registry.npmjs.org/fis-postpackager-px2rem
23 verbose publish registryBase https://registry.npmjs.org/
24 silly publish uploading /Users/haixialiu/.npm/fis-postpackager-px2rem/1.0.0/package.tgz
25 verbose request uri https://registry.npmjs.org/fis-postpackager-px2rem
26 verbose request sending authorization for write operation
27 info attempt registry request try #1 at 18:57:37
28 verbose request using bearer token for auth
29 verbose request id 9049752dfbb1061c
30 http request PUT https://registry.npmjs.org/fis-postpackager-px2rem
31 http 403 https://registry.npmjs.org/fis-postpackager-px2rem
32 verbose headers { 'content-type': 'application/json',
32 verbose headers   'cache-control': 'max-age=300',
32 verbose headers   'content-length': '115',
32 verbose headers   'accept-ranges': 'bytes',
32 verbose headers   date: 'Tue, 01 Mar 2016 10:57:37 GMT',
32 verbose headers   via: '1.1 varnish',
32 verbose headers   connection: 'close',
32 verbose headers   'x-served-by': 'cache-hkg6822-HKG',
32 verbose headers   'x-cache': 'MISS',
32 verbose headers   'x-cache-hits': '0',
32 verbose headers   'x-timer': 'S1456829857.223772,VS0,VE718' }
33 verbose request invalidating /Users/haixialiu/.npm/registry.npmjs.org/fis-postpackager-px2rem on PUT
34 error publish Failed PUT 403
35 verbose stack Error: You do not have permission to publish 'fis-postpackager-px2rem'. Are you logged in as the correct user? : fis-postpackager-px2rem
35 verbose stack     at makeError (/usr/local/lib/node_modules/npm/node_modules/npm-registry-client/lib/request.js:264:12)
35 verbose stack     at CachingRegistryClient.<anonymous> (/usr/local/lib/node_modules/npm/node_modules/npm-registry-client/lib/request.js:252:14)
35 verbose stack     at Request._callback (/usr/local/lib/node_modules/npm/node_modules/npm-registry-client/lib/request.js:172:14)
35 verbose stack     at Request.self.callback (/usr/local/lib/node_modules/npm/node_modules/request/request.js:198:22)
35 verbose stack     at Request.emit (events.js:110:17)
35 verbose stack     at Request.<anonymous> (/usr/local/lib/node_modules/npm/node_modules/request/request.js:1082:10)
35 verbose stack     at Request.emit (events.js:129:20)
35 verbose stack     at IncomingMessage.<anonymous> (/usr/local/lib/node_modules/npm/node_modules/request/request.js:1009:12)
35 verbose stack     at IncomingMessage.emit (events.js:129:20)
35 verbose stack     at _stream_readable.js:908:16
36 verbose statusCode 403
37 verbose pkgid fis-postpackager-px2rem
38 verbose cwd /Users/haixialiu/Documents/github/fis-postpackager-px2rem
39 error Darwin 13.4.0
40 error argv "node" "/usr/local/bin/npm" "publish"
41 error node v0.12.9
42 error npm  v2.14.9
43 error code E403
44 error You do not have permission to publish 'fis-postpackager-px2rem'. Are you logged in as the correct user? : fis-postpackager-px2rem
45 error If you need help, you may report this error at:
45 error     <https://github.com/npm/npm/issues>
46 verbose exit [ 1, true ]
